<?xml version="1.0" encoding="UTF-8"?>
<testng-results ignored="0" total="1" passed="1" failed="0" skipped="0">
  <reporter-output>
  </reporter-output>
  <suite started-at="2024-02-16T16:08:34 IST" name="Default suite" finished-at="2024-02-16T16:09:15 IST" duration-ms="41038">
    <groups>
    </groups>
    <test started-at="2024-02-16T16:08:34 IST" name="Default test" finished-at="2024-02-16T16:09:15 IST" duration-ms="41038">
      <class name="com.RadioButtonsTesting.TestingAllRadioButtons">
        <test-method is-config="true" signature="setUp()[pri:0, instance:com.RadioButtonsTesting.TestingAllRadioButtons@79e4c792]" started-at="2024-02-16T16:08:34 IST" name="setUp" finished-at="2024-02-16T16:08:41 IST" duration-ms="7634" status="PASS">
          <reporter-output>
          </reporter-output>
        </test-method> <!-- setUp -->
        <test-method signature="radioButtonsTesting()[pri:0, instance:com.RadioButtonsTesting.TestingAllRadioButtons@79e4c792]" started-at="2024-02-16T16:08:41 IST" name="radioButtonsTesting" finished-at="2024-02-16T16:09:14 IST" duration-ms="32565" status="PASS">
          <reporter-output>
          </reporter-output>
        </test-method> <!-- radioButtonsTesting -->
        <test-method is-config="true" signature="tearDown()[pri:0, instance:com.RadioButtonsTesting.TestingAllRadioButtons@79e4c792]" started-at="2024-02-16T16:09:14 IST" name="tearDown" finished-at="2024-02-16T16:09:15 IST" duration-ms="755" status="PASS">
          <reporter-output>
          </reporter-output>
        </test-method> <!-- tearDown -->
      </class> <!-- com.RadioButtonsTesting.TestingAllRadioButtons -->
    </test> <!-- Default test -->
  </suite> <!-- Default suite -->
</testng-results>
