<?xml version="1.0" encoding="UTF-8"?>
<!-- Generated by org.testng.reporters.JUnitXMLReporter -->
<testsuite ignored="0" hostname="ChanduReddy" failures="0" tests="4" name="Default test" time="12.636" errors="0" timestamp="2024-02-17T14:40:05 IST">
  <testcase classname="com.BaseTest.BaseTest" name="Test" time="0.014"/>
  <testcase classname="com.OrangeHRMApplicationTestCases.LogInPageTest" name="orangeHRMApplicationLogInPage_logInPannelTextTest" time="0.093"/>
  <testcase classname="com.OrangeHRMApplicationTestCases.LogInPageTest" name="orangeHRMApplicationLogInPage_LogoValidationTest" time="0.107"/>
  <testcase classname="com.OrangeHRMApplicationTestCases.LogInPageTest" name="orangeHRMApplicationLogInPage_LogInTest" time="1.844"/>
</testsuite> <!-- Default test -->
