<?xml version="1.0" encoding="UTF-8"?>
<testng-results ignored="0" total="0" passed="0" failed="0" skipped="0">
  <reporter-output>
  </reporter-output>
  <suite started-at="2024-02-16T14:27:42 IST" name="Default suite" finished-at="2024-02-16T14:27:49 IST" duration-ms="6184">
    <groups>
    </groups>
    <test started-at="2024-02-16T14:27:42 IST" name="Default test" finished-at="2024-02-16T14:27:49 IST" duration-ms="6184">
      <class name="com.BaseTest.BaseTest">
        <test-method is-config="true" signature="setUp()[pri:0, instance:com.BaseTest.BaseTest@169e6180]" started-at="2024-02-16T14:27:42 IST" name="setUp" finished-at="2024-02-16T14:27:48 IST" duration-ms="5465" status="PASS">
          <reporter-output>
          </reporter-output>
        </test-method> <!-- setUp -->
        <test-method is-config="true" signature="tearDown()[pri:0, instance:com.BaseTest.BaseTest@169e6180]" started-at="2024-02-16T14:27:48 IST" name="tearDown" finished-at="2024-02-16T14:27:49 IST" duration-ms="687" status="PASS">
          <reporter-output>
          </reporter-output>
        </test-method> <!-- tearDown -->
      </class> <!-- com.BaseTest.BaseTest -->
    </test> <!-- Default test -->
  </suite> <!-- Default suite -->
</testng-results>
