<?xml version="1.0" encoding="UTF-8"?>
<testng-results ignored="0" total="4" passed="4" failed="0" skipped="0">
  <reporter-output>
  </reporter-output>
  <suite started-at="2024-02-17T14:39:53 IST" name="Default suite" finished-at="2024-02-17T14:40:05 IST" duration-ms="12636">
    <groups>
    </groups>
    <test started-at="2024-02-17T14:39:53 IST" name="Default test" finished-at="2024-02-17T14:40:05 IST" duration-ms="12636">
      <class name="com.OrangeHRMApplicationTestCases.LogInPageTest">
        <test-method is-config="true" signature="applicationLaunch()[pri:0, instance:com.OrangeHRMApplicationTestCases.LogInPageTest@63376bed]" started-at="2024-02-17T14:39:53 IST" name="applicationLaunch" finished-at="2024-02-17T14:39:55 IST" duration-ms="2416" status="PASS">
          <reporter-output>
          </reporter-output>
        </test-method> <!-- applicationLaunch -->
        <test-method signature="Test()[pri:0, instance:com.OrangeHRMApplicationTestCases.LogInPageTest@63376bed]" started-at="2024-02-17T14:39:55 IST" name="Test" finished-at="2024-02-17T14:39:55 IST" duration-ms="14" status="PASS">
          <reporter-output>
          </reporter-output>
        </test-method> <!-- Test -->
        <test-method is-config="true" signature="applicationClose()[pri:0, instance:com.OrangeHRMApplicationTestCases.LogInPageTest@63376bed]" started-at="2024-02-17T14:39:55 IST" name="applicationClose" finished-at="2024-02-17T14:39:56 IST" duration-ms="678" status="PASS">
          <reporter-output>
          </reporter-output>
        </test-method> <!-- applicationClose -->
        <test-method is-config="true" signature="applicationLaunch()[pri:0, instance:com.OrangeHRMApplicationTestCases.LogInPageTest@63376bed]" started-at="2024-02-17T14:39:56 IST" name="applicationLaunch" finished-at="2024-02-17T14:39:58 IST" duration-ms="1877" status="PASS">
          <reporter-output>
          </reporter-output>
        </test-method> <!-- applicationLaunch -->
        <test-method signature="orangeHRMApplicationLogInPage_logInPannelTextTest()[pri:1, instance:com.OrangeHRMApplicationTestCases.LogInPageTest@63376bed]" started-at="2024-02-17T14:39:58 IST" name="orangeHRMApplicationLogInPage_logInPannelTextTest" description=" Validating OrangeHRM Application LogIN Page Text" finished-at="2024-02-17T14:39:58 IST" duration-ms="93" status="PASS">
          <reporter-output>
          </reporter-output>
        </test-method> <!-- orangeHRMApplicationLogInPage_logInPannelTextTest -->
        <test-method is-config="true" signature="applicationClose()[pri:0, instance:com.OrangeHRMApplicationTestCases.LogInPageTest@63376bed]" started-at="2024-02-17T14:39:58 IST" name="applicationClose" finished-at="2024-02-17T14:39:58 IST" duration-ms="632" status="PASS">
          <reporter-output>
          </reporter-output>
        </test-method> <!-- applicationClose -->
        <test-method is-config="true" signature="applicationLaunch()[pri:0, instance:com.OrangeHRMApplicationTestCases.LogInPageTest@63376bed]" started-at="2024-02-17T14:39:58 IST" name="applicationLaunch" finished-at="2024-02-17T14:40:00 IST" duration-ms="1802" status="PASS">
          <reporter-output>
          </reporter-output>
        </test-method> <!-- applicationLaunch -->
        <test-method signature="orangeHRMApplicationLogInPage_LogoValidationTest()[pri:2, instance:com.OrangeHRMApplicationTestCases.LogInPageTest@63376bed]" started-at="2024-02-17T14:40:00 IST" name="orangeHRMApplicationLogInPage_LogoValidationTest" description=" Validating OrangeHRM Applicaiton LogIn Page Logo " finished-at="2024-02-17T14:40:00 IST" duration-ms="107" status="PASS">
          <reporter-output>
          </reporter-output>
        </test-method> <!-- orangeHRMApplicationLogInPage_LogoValidationTest -->
        <test-method is-config="true" signature="applicationClose()[pri:0, instance:com.OrangeHRMApplicationTestCases.LogInPageTest@63376bed]" started-at="2024-02-17T14:40:00 IST" name="applicationClose" finished-at="2024-02-17T14:40:01 IST" duration-ms="654" status="PASS">
          <reporter-output>
          </reporter-output>
        </test-method> <!-- applicationClose -->
        <test-method is-config="true" signature="applicationLaunch()[pri:0, instance:com.OrangeHRMApplicationTestCases.LogInPageTest@63376bed]" started-at="2024-02-17T14:40:01 IST" name="applicationLaunch" finished-at="2024-02-17T14:40:03 IST" duration-ms="1817" status="PASS">
          <reporter-output>
          </reporter-output>
        </test-method> <!-- applicationLaunch -->
        <test-method signature="orangeHRMApplicationLogInPage_LogInTest()[pri:3, instance:com.OrangeHRMApplicationTestCases.LogInPageTest@63376bed]" started-at="2024-02-17T14:40:03 IST" name="orangeHRMApplicationLogInPage_LogInTest" description=" Validating OrangeHRM Applicaiton LogIn Functionality " finished-at="2024-02-17T14:40:05 IST" duration-ms="1844" status="PASS">
          <reporter-output>
          </reporter-output>
        </test-method> <!-- orangeHRMApplicationLogInPage_LogInTest -->
        <test-method is-config="true" signature="applicationClose()[pri:0, instance:com.OrangeHRMApplicationTestCases.LogInPageTest@63376bed]" started-at="2024-02-17T14:40:05 IST" name="applicationClose" finished-at="2024-02-17T14:40:05 IST" duration-ms="645" status="PASS">
          <reporter-output>
          </reporter-output>
        </test-method> <!-- applicationClose -->
      </class> <!-- com.OrangeHRMApplicationTestCases.LogInPageTest -->
    </test> <!-- Default test -->
  </suite> <!-- Default suite -->
</testng-results>
